生成启动时间为 2016/3/8 19:51:43。
     1>项目“D:\我的文档\vs work space\wc\wc\wc.vcxproj”在节点 2 上(build 个目标)。
     1>PrepareForBuild:
         正在创建目录“D:\我的文档\vs work space\wc\Debug\”。
       InitializeBuildStatus:
         正在创建“Debug\wc.unsuccessfulbuild”，因为已指定“AlwaysCreate”。
       ClCompile:
         D:\vs\VC\bin\CL.exe /c /ZI /nologo /W3 /WX- /Od /Oy- /D WIN32 /D _DEBUG /D _CONSOLE /D _UNICODE /D UNICODE /Gm /EHsc /RTC1 /MDd /GS /fp:precise /Zc:wchar_t /Zc:forScope /Yc"StdAfx.h" /Fp"Debug\wc.pch" /Fo"Debug\\" /Fd"Debug\vc100.pdb" /Gd /TP /analyze- /errorReport:prompt stdafx.cpp
         stdafx.cpp
         D:\vs\VC\bin\CL.exe /c /ZI /nologo /W3 /WX- /Od /Oy- /D WIN32 /D _DEBUG /D _CONSOLE /D _UNICODE /D UNICODE /Gm /EHsc /RTC1 /MDd /GS /fp:precise /Zc:wchar_t /Zc:forScope /Yu"StdAfx.h" /Fp"Debug\wc.pch" /Fo"Debug\\" /Fd"Debug\vc100.pdb" /Gd /TP /analyze- /errorReport:prompt wc.cpp
         wc.cpp
     1>d:\我的文档\vs work space\wc\wc\wc.cpp(19): warning C4996: 'fscanf': This function or variable may be unsafe. Consider using fscanf_s instead. To disable deprecation, use _CRT_SECURE_NO_WARNINGS. See online help for details.
                 d:\vs\vc\include\stdio.h(253) : 参见“fscanf”的声明
     1>d:\我的文档\vs work space\wc\wc\wc.cpp(32): warning C4996: 'fscanf': This function or variable may be unsafe. Consider using fscanf_s instead. To disable deprecation, use _CRT_SECURE_NO_WARNINGS. See online help for details.
                 d:\vs\vc\include\stdio.h(253) : 参见“fscanf”的声明
     1>d:\我的文档\vs work space\wc\wc\wc.cpp(59): warning C4101: “ch”: 未引用的局部变量
     1>d:\我的文档\vs work space\wc\wc\wc.cpp(96): warning C4101: “i”: 未引用的局部变量
     1>d:\我的文档\vs work space\wc\wc\wc.cpp(130): warning C4996: 'strcpy': This function or variable may be unsafe. Consider using strcpy_s instead. To disable deprecation, use _CRT_SECURE_NO_WARNINGS. See online help for details.
                 d:\vs\vc\include\string.h(105) : 参见“strcpy”的声明
     1>d:\我的文档\vs work space\wc\wc\wc.cpp(128): warning C4101: “fp”: 未引用的局部变量
       ManifestResourceCompile:
         C:\Program Files (x86)\Microsoft SDKs\Windows\v7.0A\bin\rc.exe /nologo /fo"Debug\wc.exe.embed.manifest.res" Debug\wc_manifest.rc 
       Link:
         D:\vs\VC\bin\link.exe /ERRORREPORT:PROMPT /OUT:"D:\我的文档\vs work space\wc\Debug\wc.exe" /INCREMENTAL /NOLOGO kernel32.lib user32.lib gdi32.lib winspool.lib comdlg32.lib advapi32.lib shell32.lib ole32.lib oleaut32.lib uuid.lib odbc32.lib odbccp32.lib /MANIFEST /ManifestFile:"Debug\wc.exe.intermediate.manifest" /MANIFESTUAC:"level='asInvoker' uiAccess='false'" /DEBUG /PDB:"D:\我的文档\vs work space\wc\Debug\wc.pdb" /SUBSYSTEM:CONSOLE /TLBID:1 /DYNAMICBASE /NXCOMPAT /IMPLIB:"D:\我的文档\vs work space\wc\Debug\wc.lib" /MACHINE:X86 Debug\wc.exe.embed.manifest.res
         Debug\stdafx.obj
         Debug\wc.obj
       Manifest:
         C:\Program Files (x86)\Microsoft SDKs\Windows\v7.0A\bin\mt.exe /nologo /verbose /out:"Debug\wc.exe.embed.manifest" /manifest Debug\wc.exe.intermediate.manifest
         C:\Program Files (x86)\Microsoft SDKs\Windows\v7.0A\bin\rc.exe /nologo /fo"Debug\wc.exe.embed.manifest.res" Debug\wc_manifest.rc 
       LinkEmbedManifest:
         D:\vs\VC\bin\link.exe /ERRORREPORT:PROMPT /OUT:"D:\我的文档\vs work space\wc\Debug\wc.exe" /INCREMENTAL /NOLOGO kernel32.lib user32.lib gdi32.lib winspool.lib comdlg32.lib advapi32.lib shell32.lib ole32.lib oleaut32.lib uuid.lib odbc32.lib odbccp32.lib /MANIFEST /ManifestFile:"Debug\wc.exe.intermediate.manifest" /MANIFESTUAC:"level='asInvoker' uiAccess='false'" /DEBUG /PDB:"D:\我的文档\vs work space\wc\Debug\wc.pdb" /SUBSYSTEM:CONSOLE /TLBID:1 /DYNAMICBASE /NXCOMPAT /IMPLIB:"D:\我的文档\vs work space\wc\Debug\wc.lib" /MACHINE:X86 Debug\wc.exe.embed.manifest.res
         Debug\stdafx.obj
         Debug\wc.obj
         wc.vcxproj -> D:\我的文档\vs work space\wc\Debug\wc.exe
       FinalizeBuildStatus:
         正在删除文件“Debug\wc.unsuccessfulbuild”。
         正在对“Debug\wc.lastbuildstate”执行 Touch 任务。
     1>已完成生成项目“D:\我的文档\vs work space\wc\wc\wc.vcxproj”(build 个目标)的操作。

生成成功。

已用时间 00:00:01.63
