生成启动时间为 2016/3/8 20:01:01。
     1>项目“D:\我的文档\vs work space\wc\wc\wc.vcxproj”在节点 2 上(build 个目标)。
     1>InitializeBuildStatus:
         正在创建“Release\wc.unsuccessfulbuild”，因为已指定“AlwaysCreate”。
       ClCompile:
         所有输出均为最新。
         D:\vs\VC\bin\CL.exe /c /Zi /nologo /W3 /WX- /O2 /Oi /Oy- /GL /D WIN32 /D NDEBUG /D _CONSOLE /D _UNICODE /D UNICODE /D _AFXDLL /Gm- /EHsc /MD /GS /Gy /fp:precise /Zc:wchar_t /Zc:forScope /Yc"StdAfx.h" /Fp"Release\wc.pch" /Fo"Release\\" /Fd"Release\vc100.pdb" /Gd /TP /analyze- /errorReport:prompt stdafx.cpp
         stdafx.cpp
         D:\vs\VC\bin\CL.exe /c /Zi /nologo /W3 /WX- /O2 /Oi /Oy- /GL /D WIN32 /D NDEBUG /D _CONSOLE /D _UNICODE /D UNICODE /D _AFXDLL /Gm- /EHsc /MD /GS /Gy /fp:precise /Zc:wchar_t /Zc:forScope /Yu"StdAfx.h" /Fp"Release\wc.pch" /Fo"Release\\" /Fd"Release\vc100.pdb" /Gd /TP /analyze- /errorReport:prompt wc.cpp
         wc.cpp
     1>wc.cpp(19): warning C4996: 'fscanf': This function or variable may be unsafe. Consider using fscanf_s instead. To disable deprecation, use _CRT_SECURE_NO_WARNINGS. See online help for details.
                 D:\vs\VC\include\stdio.h(253) : 参见“fscanf”的声明
     1>wc.cpp(32): warning C4996: 'fscanf': This function or variable may be unsafe. Consider using fscanf_s instead. To disable deprecation, use _CRT_SECURE_NO_WARNINGS. See online help for details.
                 D:\vs\VC\include\stdio.h(253) : 参见“fscanf”的声明
     1>wc.cpp(59): warning C4101: “ch”: 未引用的局部变量
     1>wc.cpp(96): warning C4101: “i”: 未引用的局部变量
     1>wc.cpp(130): warning C4996: 'strcpy': This function or variable may be unsafe. Consider using strcpy_s instead. To disable deprecation, use _CRT_SECURE_NO_WARNINGS. See online help for details.
                 D:\vs\VC\include\string.h(105) : 参见“strcpy”的声明
     1>wc.cpp(128): warning C4101: “fp”: 未引用的局部变量
       Link:
         D:\vs\VC\bin\link.exe /ERRORREPORT:PROMPT /OUT:"D:\我的文档\vs work space\wc\Release\wc.exe" /INCREMENTAL:NO /NOLOGO /MANIFEST /ManifestFile:"Release\wc.exe.intermediate.manifest" /MANIFESTUAC:"level='asInvoker' uiAccess='false'" /DEBUG /PDB:"D:\我的文档\vs work space\wc\Release\wc.pdb" /SUBSYSTEM:CONSOLE /OPT:REF /OPT:ICF /LTCG /TLBID:1 /DYNAMICBASE /NXCOMPAT /IMPLIB:"D:\我的文档\vs work space\wc\Release\wc.lib" /MACHINE:X86 Release\stdafx.obj
         Release\wc.obj
         正在生成代码
         已完成代码的生成
         wc.vcxproj -> D:\我的文档\vs work space\wc\Release\wc.exe
       Manifest:
         C:\Program Files (x86)\Microsoft SDKs\Windows\v7.0A\bin\mt.exe /nologo /verbose /outputresource:"D:\我的文档\vs work space\wc\Release\wc.exe;#1" /manifest Release\wc.exe.intermediate.manifest D:\vs\VC\Include\Manifest\dpiaware.manifest
       FinalizeBuildStatus:
         正在删除文件“Release\wc.unsuccessfulbuild”。
         正在对“Release\wc.lastbuildstate”执行 Touch 任务。
     1>已完成生成项目“D:\我的文档\vs work space\wc\wc\wc.vcxproj”(build 个目标)的操作。

生成成功。

已用时间 00:00:01.17
